[2026-04-04 22:00:11,585] INFO [QuorumController id=1] In the last 60000 ms period, 323 controller events were completed, which took an average of 130.03 ms each. The slowest event was generatePeriodicPerformanceMessage(561839985), which took 36249.97 ms. (org.apache.kafka.controller.EventPerformanceMonitor)
[2026-04-04 22:00:34,464] INFO [QuorumController id=1] Periodic task electPreferred generated 0 records in 40 microseconds. (org.apache.kafka.controller.PeriodicTaskControlManager)
[2026-04-04 22:00:34,512] INFO [QuorumController id=1] Periodic task electUnclean generated 0 records in 45 microseconds. (org.apache.kafka.controller.PeriodicTaskControlManager)
[2026-04-04 22:01:11,638] INFO [QuorumController id=1] In the last 60000 ms period, 321 controller events were completed, which took an average of 13.74 ms each. The slowest event was writeNoOpRecord(1313927270), which took 64.48 ms. (org.apache.kafka.controller.EventPerformanceMonitor)
[2026-04-04 22:02:11,655] INFO [QuorumController id=1] In the last 60000 ms period, 320 controller events were completed, which took an average of 12.64 ms each. The slowest event was writeNoOpRecord(423148362), which took 37.31 ms. (org.apache.kafka.controller.EventPerformanceMonitor)
[2026-04-04 22:03:11,663] INFO [QuorumController id=1] In the last 60000 ms period, 320 controller events were completed, which took an average of 13.43 ms each. The slowest event was writeNoOpRecord(324629661), which took 52.23 ms. (org.apache.kafka.controller.EventPerformanceMonitor)
[2026-04-04 22:04:11,679] INFO [QuorumController id=1] In the last 60000 ms period, 319 controller events were completed, which took an average of 14.60 ms each. The slowest event was writeNoOpRecord(1779214210), which took 56.64 ms. (org.apache.kafka.controller.EventPerformanceMonitor)
[2026-04-04 22:05:11,682] INFO [QuorumController id=1] In the last 60000 ms period, 320 controller events were completed, which took an average of 13.30 ms each. The slowest event was writeNoOpRecord(1136709953), which took 81.79 ms. (org.apache.kafka.controller.EventPerformanceMonitor)
[2026-04-04 22:05:34,470] INFO [QuorumController id=1] Periodic task electPreferred generated 0 records in 49 microseconds. (org.apache.kafka.controller.PeriodicTaskControlManager)
[2026-04-04 22:05:34,518] INFO [QuorumController id=1] Periodic task electUnclean generated 0 records in 58 microseconds. (org.apache.kafka.controller.PeriodicTaskControlManager)
[2026-04-04 22:06:11,689] INFO [QuorumController id=1] In the last 60000 ms period, 321 controller events were completed, which took an average of 14.04 ms each. The slowest event was writeNoOpRecord(1809973601), which took 93.79 ms. (org.apache.kafka.controller.EventPerformanceMonitor)
[2026-04-04 22:07:11,703] INFO [QuorumController id=1] In the last 60000 ms period, 319 controller events were completed, which took an average of 14.57 ms each. The slowest event was writeNoOpRecord(1542903842), which took 52.51 ms. (org.apache.kafka.controller.EventPerformanceMonitor)
[2026-04-04 22:08:11,712] INFO [QuorumController id=1] In the last 60000 ms period, 320 controller events were completed, which took an average of 14.70 ms each. The slowest event was writeNoOpRecord(1456531003), which took 41.11 ms. (org.apache.kafka.controller.EventPerformanceMonitor)
[2026-04-04 22:09:11,715] INFO [QuorumController id=1] In the last 60000 ms period, 317 controller events were completed, which took an average of 15.03 ms each. The slowest event was writeNoOpRecord(1077527084), which took 33.19 ms. (org.apache.kafka.controller.EventPerformanceMonitor)
[2026-04-04 22:09:40,159] INFO [GroupCoordinator id=1 topic=__consumer_offsets partition=45] Dynamic member with unknown member id joins group live_consumer_group in Empty state. Created a new member id kafka-python-2.3.0-c7510b28-a626-42cf-86fa-af20365c3481 and requesting the member to rejoin with this id. (org.apache.kafka.coordinator.group.GroupMetadataManager)
[2026-04-04 22:09:40,167] INFO [GroupCoordinator id=1 topic=__consumer_offsets partition=45] Pending dynamic member with id kafka-python-2.3.0-c7510b28-a626-42cf-86fa-af20365c3481 joins group live_consumer_group in Empty state. Adding to the group now. (org.apache.kafka.coordinator.group.GroupMetadataManager)
[2026-04-04 22:09:40,168] INFO [GroupCoordinator id=1 topic=__consumer_offsets partition=45] Preparing to rebalance group live_consumer_group in state PreparingRebalance with old generation 6 (reason: Adding new member kafka-python-2.3.0-c7510b28-a626-42cf-86fa-af20365c3481 with group instance id null; client reason: not provided). (org.apache.kafka.coordinator.group.GroupMetadataManager)
[2026-04-04 22:09:43,170] INFO [GroupCoordinator id=1 topic=__consumer_offsets partition=45] Stabilized group live_consumer_group generation 7 with 1 members. (org.apache.kafka.coordinator.group.GroupMetadataManager)
[2026-04-04 22:09:43,173] INFO [GroupCoordinator id=1 topic=__consumer_offsets partition=45] Assignment received from leader kafka-python-2.3.0-c7510b28-a626-42cf-86fa-af20365c3481 for group live_consumer_group for generation 7. The group has 1 members, 0 of which are static. (org.apache.kafka.coordinator.group.GroupMetadataManager)
[2026-04-04 22:10:11,731] INFO [QuorumController id=1] In the last 60000 ms period, 320 controller events were completed, which took an average of 14.62 ms each. The slowest event was writeNoOpRecord(833483998), which took 59.96 ms. (org.apache.kafka.controller.EventPerformanceMonitor)
[2026-04-04 22:10:34,472] INFO [QuorumController id=1] Periodic task electPreferred generated 0 records in 36 microseconds. (org.apache.kafka.controller.PeriodicTaskControlManager)
[2026-04-04 22:10:34,520] INFO [QuorumController id=1] Periodic task electUnclean generated 0 records in 42 microseconds. (org.apache.kafka.controller.PeriodicTaskControlManager)
[2026-04-04 22:11:11,744] INFO [QuorumController id=1] In the last 60000 ms period, 321 controller events were completed, which took an average of 15.47 ms each. The slowest event was writeNoOpRecord(1067180525), which took 131.44 ms. (org.apache.kafka.controller.EventPerformanceMonitor)
[2026-04-04 22:12:11,746] INFO [QuorumController id=1] In the last 60000 ms period, 318 controller events were completed, which took an average of 14.61 ms each. The slowest event was writeNoOpRecord(301319204), which took 120.58 ms. (org.apache.kafka.controller.EventPerformanceMonitor)
[2026-04-04 22:13:11,749] INFO [QuorumController id=1] In the last 60000 ms period, 320 controller events were completed, which took an average of 13.71 ms each. The slowest event was writeNoOpRecord(926626885), which took 42.27 ms. (org.apache.kafka.controller.EventPerformanceMonitor)
[2026-04-04 22:14:11,752] INFO [QuorumController id=1] In the last 60000 ms period, 317 controller events were completed, which took an average of 15.44 ms each. The slowest event was writeNoOpRecord(1524751003), which took 95.50 ms. (org.apache.kafka.controller.EventPerformanceMonitor)
[2026-04-04 22:15:11,759] INFO [QuorumController id=1] In the last 60000 ms period, 317 controller events were completed, which took an average of 14.92 ms each. The slowest event was writeNoOpRecord(670570198), which took 134.05 ms. (org.apache.kafka.controller.EventPerformanceMonitor)
[2026-04-04 22:15:34,480] INFO [QuorumController id=1] Periodic task electPreferred generated 0 records in 47 microseconds. (org.apache.kafka.controller.PeriodicTaskControlManager)
[2026-04-04 22:15:34,527] INFO [QuorumController id=1] Periodic task electUnclean generated 0 records in 49 microseconds. (org.apache.kafka.controller.PeriodicTaskControlManager)
[2026-04-04 22:16:11,771] INFO [QuorumController id=1] In the last 60000 ms period, 322 controller events were completed, which took an average of 13.41 ms each. The slowest event was writeNoOpRecord(506949581), which took 100.78 ms. (org.apache.kafka.controller.EventPerformanceMonitor)
[2026-04-04 22:17:11,784] INFO [QuorumController id=1] In the last 60000 ms period, 319 controller events were completed, which took an average of 14.19 ms each. The slowest event was writeNoOpRecord(365112813), which took 63.32 ms. (org.apache.kafka.controller.EventPerformanceMonitor)
[2026-04-04 22:18:11,798] INFO [QuorumController id=1] In the last 60000 ms period, 322 controller events were completed, which took an average of 14.05 ms each. The slowest event was writeNoOpRecord(1568205207), which took 40.10 ms. (org.apache.kafka.controller.EventPerformanceMonitor)
[2026-04-04 22:18:57,323] INFO [GroupCoordinator id=1 topic=__consumer_offsets partition=45] [Group live_consumer_group] Member kafka-python-2.3.0-c7510b28-a626-42cf-86fa-af20365c3481 has left group through explicit `LeaveGroup` request; client reason: not provided (org.apache.kafka.coordinator.group.GroupMetadataManager)
[2026-04-04 22:18:57,325] INFO [GroupCoordinator id=1 topic=__consumer_offsets partition=45] Preparing to rebalance group live_consumer_group in state PreparingRebalance with old generation 7 (reason: explicit `LeaveGroup` request for (kafka-python-2.3.0-c7510b28-a626-42cf-86fa-af20365c3481) members.). (org.apache.kafka.coordinator.group.GroupMetadataManager)
[2026-04-04 22:18:57,328] INFO [GroupCoordinator id=1 topic=__consumer_offsets partition=45] Group live_consumer_group with generation 8 is now empty. (org.apache.kafka.coordinator.group.GroupMetadataManager)
[2026-04-04 22:19:11,812] INFO [QuorumController id=1] In the last 60000 ms period, 317 controller events were completed, which took an average of 13.50 ms each. The slowest event was writeNoOpRecord(1071797070), which took 48.42 ms. (org.apache.kafka.controller.EventPerformanceMonitor)
[2026-04-04 22:20:11,820] INFO [QuorumController id=1] In the last 60000 ms period, 320 controller events were completed, which took an average of 15.02 ms each. The slowest event was writeNoOpRecord(470196410), which took 33.96 ms. (org.apache.kafka.controller.EventPerformanceMonitor)
[2026-04-04 22:20:34,486] INFO [QuorumController id=1] Periodic task electPreferred generated 0 records in 49 microseconds. (org.apache.kafka.controller.PeriodicTaskControlManager)
[2026-04-04 22:20:34,534] INFO [QuorumController id=1] Periodic task electUnclean generated 0 records in 71 microseconds. (org.apache.kafka.controller.PeriodicTaskControlManager)
[2026-04-04 22:21:11,835] INFO [QuorumController id=1] In the last 60000 ms period, 321 controller events were completed, which took an average of 14.62 ms each. The slowest event was writeNoOpRecord(927544904), which took 34.66 ms. (org.apache.kafka.controller.EventPerformanceMonitor)
[2026-04-04 22:22:11,840] INFO [QuorumController id=1] In the last 60000 ms period, 320 controller events were completed, which took an average of 14.71 ms each. The slowest event was writeNoOpRecord(1373713685), which took 104.31 ms. (org.apache.kafka.controller.EventPerformanceMonitor)
[2026-04-04 22:23:11,844] INFO [QuorumController id=1] In the last 60000 ms period, 319 controller events were completed, which took an average of 14.30 ms each. The slowest event was writeNoOpRecord(76686177), which took 92.23 ms. (org.apache.kafka.controller.EventPerformanceMonitor)
[2026-04-04 22:24:11,848] INFO [QuorumController id=1] In the last 60000 ms period, 320 controller events were completed, which took an average of 13.95 ms each. The slowest event was writeNoOpRecord(119522517), which took 126.34 ms. (org.apache.kafka.controller.EventPerformanceMonitor)
[2026-04-04 22:25:11,852] INFO [QuorumController id=1] In the last 60000 ms period, 318 controller events were completed, which took an average of 13.42 ms each. The slowest event was writeNoOpRecord(633381415), which took 34.30 ms. (org.apache.kafka.controller.EventPerformanceMonitor)
[2026-04-04 22:25:34,492] INFO [QuorumController id=1] Periodic task electPreferred generated 0 records in 47 microseconds. (org.apache.kafka.controller.PeriodicTaskControlManager)
[2026-04-04 22:25:34,539] INFO [QuorumController id=1] Periodic task electUnclean generated 0 records in 47 microseconds. (org.apache.kafka.controller.PeriodicTaskControlManager)
[2026-04-04 22:26:11,862] INFO [QuorumController id=1] In the last 60000 ms period, 321 controller events were completed, which took an average of 14.63 ms each. The slowest event was writeNoOpRecord(851890712), which took 35.55 ms. (org.apache.kafka.controller.EventPerformanceMonitor)
